<?xml version="1.0" encoding="UTF-8" ?>
<testsuite tests="3" failures="0" name="org.d13.test.AnnotationImportTest" time="1.116" errors="0" skipped="0">
  <properties>
    <property name="java.runtime.name" value="Java(TM) SE Runtime Environment"/>
    <property name="sun.boot.library.path" value="C:\dev_env\Java\jdk1.8.0_202\jre\bin"/>
    <property name="java.vm.version" value="25.202-b08"/>
    <property name="java.vm.vendor" value="Oracle Corporation"/>
    <property name="maven.multiModuleProjectDirectory" value="E:\idea_workspace\java_workspace\springclouddemos\my-spring-cloud-alibaba-examples\my-test"/>
    <property name="java.vendor.url" value="http://java.oracle.com/"/>
    <property name="path.separator" value=";"/>
    <property name="guice.disable.misplaced.annotation.check" value="true"/>
    <property name="java.vm.name" value="Java HotSpot(TM) 64-Bit Server VM"/>
    <property name="file.encoding.pkg" value="sun.io"/>
    <property name="user.script" value=""/>
    <property name="user.country" value="CN"/>
    <property name="sun.java.launcher" value="SUN_STANDARD"/>
    <property name="sun.os.patch.level" value=""/>
    <property name="java.vm.specification.name" value="Java Virtual Machine Specification"/>
    <property name="user.dir" value="E:\idea_workspace\java_workspace\springclouddemos\my-spring-cloud-alibaba-examples\my-test"/>
    <property name="java.runtime.version" value="1.8.0_202-b08"/>
    <property name="java.awt.graphicsenv" value="sun.awt.Win32GraphicsEnvironment"/>
    <property name="java.endorsed.dirs" value="C:\dev_env\Java\jdk1.8.0_202\jre\lib\endorsed"/>
    <property name="os.arch" value="amd64"/>
    <property name="java.io.tmpdir" value="C:\Users\Administrator\AppData\Local\Temp\"/>
    <property name="line.separator" value="
"/>
    <property name="java.vm.specification.vendor" value="Oracle Corporation"/>
    <property name="user.variant" value=""/>
    <property name="os.name" value="Windows 10"/>
    <property name="classworlds.conf" value="C:\dev_env\apache-maven-3.6.3\bin\..\bin\m2.conf"/>
    <property name="sun.jnu.encoding" value="GBK"/>
    <property name="java.library.path" value="C:\dev_env\Java\jdk1.8.0_202\bin;C:\Windows\Sun\Java\bin;C:\Windows\system32;C:\Windows;C:\Program Files (x86)\VMware\VMware Workstation\bin\;C:\Program Files (x86)\Common Files\Oracle\Java\javapath;C:\Windows\system32;C:\Windows;C:\Windows\System32\Wbem;C:\Windows\System32\WindowsPowerShell\v1.0\;C:\Windows\System32\OpenSSH\;C:\Program Files (x86)\ATI Technologies\ATI.ACE\Core-Static;C:\dev_env\Java\jdk1.8.0_202\bin;C:\dev_env\Java\jdk1.8.0_202\jre\bin;C:\dev_env\Git\cmd;C:\dev_env\apache-maven-3.6.3\\bin;C:\dev_env\MySQL\MySQL Server 8.1\bin;C:\dev_env\x86_64-15.1.0-release-win32-seh-msvcrt-rt_v12-rev0\mingw64\bin;C:\dev_env\node-v20.10.0-win-x64;C:\dev_env\node-v20.10.0-win-x64\node_global;C:\dev_env\Python\Python312\Scripts\;C:\dev_env\Python\Python312\;C:\Users\Administrator\AppData\Local\Microsoft\WindowsApps;;C:\dev_env\JetBrains\IntelliJ IDEA 2023.1.7\bin;;C:\dev_env\JetBrains\PyCharm 2019.3.5\bin;;."/>
    <property name="maven.conf" value="C:\dev_env\apache-maven-3.6.3\bin\../conf"/>
    <property name="java.specification.name" value="Java Platform API Specification"/>
    <property name="java.class.version" value="52.0"/>
    <property name="sun.management.compiler" value="HotSpot 64-Bit Tiered Compilers"/>
    <property name="os.version" value="10.0"/>
    <property name="library.jansi.path" value="C:\dev_env\apache-maven-3.6.3\bin\..\lib\jansi-native"/>
    <property name="user.home" value="C:\Users\Administrator"/>
    <property name="user.timezone" value="Asia/Shanghai"/>
    <property name="java.awt.printerjob" value="sun.awt.windows.WPrinterJob"/>
    <property name="java.specification.version" value="1.8"/>
    <property name="file.encoding" value="GBK"/>
    <property name="user.name" value="Administrator"/>
    <property name="java.class.path" value="C:\dev_env\apache-maven-3.6.3\bin\..\boot\plexus-classworlds-2.6.0.jar"/>
    <property name="java.vm.specification.version" value="1.8"/>
    <property name="sun.arch.data.model" value="64"/>
    <property name="java.home" value="C:\dev_env\Java\jdk1.8.0_202\jre"/>
    <property name="sun.java.command" value="org.codehaus.plexus.classworlds.launcher.Launcher clean install"/>
    <property name="java.specification.vendor" value="Oracle Corporation"/>
    <property name="user.language" value="zh"/>
    <property name="awt.toolkit" value="sun.awt.windows.WToolkit"/>
    <property name="java.vm.info" value="mixed mode"/>
    <property name="java.version" value="1.8.0_202"/>
    <property name="java.ext.dirs" value="C:\dev_env\Java\jdk1.8.0_202\jre\lib\ext;C:\Windows\Sun\Java\lib\ext"/>
    <property name="sun.boot.class.path" value="C:\dev_env\Java\jdk1.8.0_202\jre\lib\resources.jar;C:\dev_env\Java\jdk1.8.0_202\jre\lib\rt.jar;C:\dev_env\Java\jdk1.8.0_202\jre\lib\sunrsasign.jar;C:\dev_env\Java\jdk1.8.0_202\jre\lib\jsse.jar;C:\dev_env\Java\jdk1.8.0_202\jre\lib\jce.jar;C:\dev_env\Java\jdk1.8.0_202\jre\lib\charsets.jar;C:\dev_env\Java\jdk1.8.0_202\jre\lib\jfr.jar;C:\dev_env\Java\jdk1.8.0_202\jre\classes"/>
    <property name="sun.stderr.encoding" value="ms936"/>
    <property name="java.vendor" value="Oracle Corporation"/>
    <property name="maven.home" value="C:\dev_env\apache-maven-3.6.3\bin\.."/>
    <property name="file.separator" value="\"/>
    <property name="java.vendor.url.bug" value="http://bugreport.sun.com/bugreport/"/>
    <property name="sun.cpu.endian" value="little"/>
    <property name="sun.io.unicode.encoding" value="UnicodeLittle"/>
    <property name="sun.stdout.encoding" value="ms936"/>
    <property name="sun.desktop" value="windows"/>
    <property name="sun.cpu.isalist" value="amd64"/>
  </properties>
  <testcase classname="org.d13.test.AnnotationImportTest" name="getStudent" time="1.087"/>
  <testcase classname="org.d13.test.AnnotationImportTest" name="test" time="0.027"/>
  <testcase classname="org.d13.test.AnnotationImportTest" name="testUserConfig" time="0.002"/>
</testsuite>